<?xml version="1.0" encoding="UTF-8"?>
<!-- Generated by org.testng.reporters.JUnitXMLReporter -->
<testsuite hostname="OdySol-DTP-027" name="ChromeTest" tests="1" failures="1" timestamp="19 Jun 2017 14:27:47 GMT" time="289.296" errors="0">
  <testcase name="Confirmlogin_data" time="254.454" classname="Implementation.LocalAlanitaConfirmTest">
    <failure type="java.lang.AssertionError" message="Time out...">
      <![CDATA[java.lang.AssertionError: Time out...
	at Implementation.LocalAlanitaConfirmTest.Confirmlogin_data(LocalAlanitaConfirmTest.java:387)
... Removed 26 stack frames]]>
    </failure>
  </testcase> <!-- Confirmlogin_data -->
</testsuite> <!-- ChromeTest -->
