<?xml version="1.0" encoding="UTF-8"?>
<!-- Generated by org.testng.reporters.JUnitXMLReporter -->
<testsuite hostname="OdySol-DTP-027" name="FirefoxTest" tests="4" failures="0" timestamp="3 Nov 2016 12:18:49 GMT" time="50.136" errors="0">
  <testcase name="@BeforeTest openBroswer" time="0.0" classname="Implementation.AirBookingTest">
    <failure type="java.lang.NullPointerException">
      <![CDATA[java.lang.NullPointerException
	at Implementation.AirBookingTest.openBroswer(AirBookingTest.java:74)
... Removed 22 stack frames]]>
    </failure>
  </testcase> <!-- @BeforeTest openBroswer -->
  <testcase name="@BeforeTest openBroswer" time="0.0" classname="Implementation.AirBookingTest">
    <skipped/>
  </testcase> <!-- @BeforeTest openBroswer -->
  <testcase name="@AfterClass closeBrowser" time="0.0" classname="Implementation.AirBookingTest">
    <skipped/>
  </testcase> <!-- @AfterClass closeBrowser -->
  <testcase name="@AfterClass closeBrowser" time="0.0" classname="Implementation.HoldAirAlanitaTest">
    <skipped/>
  </testcase> <!-- @AfterClass closeBrowser -->
  <testcase name="login_data" time="0.001" classname="Implementation.AirBookingTest">
    <skipped/>
  </testcase> <!-- login_data -->
  <testcase name="login_data" time="0.001" classname="Implementation.AirBookingTest">
    <skipped/>
  </testcase> <!-- login_data -->
  <testcase name="login_data" time="0.001" classname="Implementation.HoldAirAlanitaTest">
    <skipped/>
  </testcase> <!-- login_data -->
  <testcase name="login_data" time="0.001" classname="Implementation.HoldAirAlanitaTest">
    <skipped/>
  </testcase> <!-- login_data -->
</testsuite> <!-- FirefoxTest -->
