<?xml version="1.0" encoding="UTF-8"?>
<!-- Generated by org.testng.reporters.JUnitXMLReporter -->
<testsuite hostname="OdySol-DTP-027" name="IETest" tests="4" failures="4" timestamp="3 Nov 2016 11:51:07 GMT" time="186.969" errors="0">
  <testcase name="login_data" time="0.366" classname="Implementation.AirBookingTest">
    <failure type="java.lang.NullPointerException">
      <![CDATA[java.lang.NullPointerException
	at Implementation.Login.LoginToTittle(Login.java:54)
	at Implementation.AirBookingTest.login_data(AirBookingTest.java:98)
... Removed 24 stack frames]]>
    </failure>
  </testcase> <!-- login_data -->
  <testcase name="login_data" time="0.305" classname="Implementation.AirBookingTest">
    <failure type="java.lang.NullPointerException">
      <![CDATA[java.lang.NullPointerException
	at Implementation.Login.LoginToTittle(Login.java:54)
	at Implementation.AirBookingTest.login_data(AirBookingTest.java:98)
... Removed 24 stack frames]]>
    </failure>
  </testcase> <!-- login_data -->
  <testcase name="login_data" time="0.28" classname="Implementation.HoldAirAlanitaTest">
    <failure type="java.lang.NullPointerException">
      <![CDATA[java.lang.NullPointerException
	at Implementation.Login.LoginToTittle(Login.java:54)
	at Implementation.HoldAirAlanitaTest.login_data(HoldAirAlanitaTest.java:97)
... Removed 24 stack frames]]>
    </failure>
  </testcase> <!-- login_data -->
  <testcase name="login_data" time="170.394" classname="Implementation.HoldAirAlanitaTest">
    <failure type="java.lang.NullPointerException">
      <![CDATA[java.lang.NullPointerException
	at Implementation.AirBookingpgeobjct.AirBookingToTitle(AirBookingpgeobjct.java:91)
	at Implementation.HoldAirAlanitaTest.login_data(HoldAirAlanitaTest.java:98)
... Removed 24 stack frames]]>
    </failure>
  </testcase> <!-- login_data -->
</testsuite> <!-- IETest -->
