<?xml version="1.0" encoding="UTF-8"?>
<!-- Generated by org.testng.reporters.JUnitXMLReporter -->
<testsuite hostname="OdySol-DTP-027" name="Firefox" tests="1" failures="0" timestamp="13 Feb 2017 11:07:00 GMT" time="0.454" errors="0">
  <testcase name="@BeforeTest openBroswer" time="0.0" classname="Implementation.CruiseBookingTest">
    <failure type="java.lang.NullPointerException">
      <![CDATA[java.lang.NullPointerException
	at Implementation.CruiseBookingTest.openBroswer(CruiseBookingTest.java:93)
... Removed 31 stack frames]]>
    </failure>
  </testcase> <!-- @BeforeTest openBroswer -->
  <testcase name="@AfterClass closeBrowser" time="0.0" classname="Implementation.CruiseBookingTest">
    <skipped/>
  </testcase> <!-- @AfterClass closeBrowser -->
  <testcase name="SearchCruise_data" time="0.0" classname="Implementation.CruiseBookingTest">
    <skipped/>
  </testcase> <!-- SearchCruise_data -->
</testsuite> <!-- Firefox -->
