<?xml version="1.0" encoding="UTF-8"?>
<!-- Generated by org.testng.reporters.JUnitXMLReporter -->
<testsuite hostname="OdySol-DTP-027" name="FirefoxTest" tests="1" failures="0" timestamp="16 May 2017 13:14:34 GMT" time="31.937" errors="0">
  <testcase name="@BeforeTest openBroswer" time="0.0" classname="Implementation.FaredepotTest">
    <failure type="net.sf.cglib.core.CodeGenerationException" message="java.lang.IllegalAccessException--&amp;gt;Class org.openqa.selenium.remote.Augmenter$CompoundHandler can not access a member of class org.openqa.selenium.firefox.FirefoxDriver with modifiers &amp;quot;protected&amp;quot;">
      <![CDATA[net.sf.cglib.core.CodeGenerationException: java.lang.IllegalAccessException-->Class org.openqa.selenium.remote.Augmenter$CompoundHandler can not access a member of class org.openqa.selenium.firefox.FirefoxDriver with modifiers "protected"
	at net.sf.cglib.core.ReflectUtils.newInstance(ReflectUtils.java:235)
	at net.sf.cglib.core.ReflectUtils.newInstance(ReflectUtils.java:220)
	at net.sf.cglib.core.ReflectUtils.newInstance(ReflectUtils.java:216)
	at net.sf.cglib.proxy.Enhancer.createUsingReflection(Enhancer.java:640)
	at net.sf.cglib.proxy.Enhancer.firstInstance(Enhancer.java:538)
	at net.sf.cglib.core.AbstractClassGenerator.create(AbstractClassGenerator.java:225)
	at net.sf.cglib.proxy.Enhancer.createHelper(Enhancer.java:377)
	at net.sf.cglib.proxy.Enhancer.create(Enhancer.java:285)
	at org.openqa.selenium.remote.Augmenter.create(Augmenter.java:237)
	at org.openqa.selenium.remote.Augmenter.augment(Augmenter.java:130)
	at ru.yandex.qatools.ashot.screentaker.ShootingStrategy$1.getScreenshot(ShootingStrategy.java:25)
	at ru.yandex.qatools.ashot.screentaker.HeadCuttingShootingStrategy.getScreenshot(HeadCuttingShootingStrategy.java:21)
	at ru.yandex.qatools.ashot.screentaker.VerticalPastingShootingStrategy.getScreenshot(VerticalPastingShootingStrategy.java:46)
	at ru.yandex.qatools.ashot.screentaker.ScreenTaker.take(ScreenTaker.java:23)
	at ru.yandex.qatools.ashot.AShot.takeScreenshot(AShot.java:166)
	at Implementation.FaredepotTest.openBroswer(FaredepotTest.java:125)
Caused by: java.lang.IllegalAccessException: Class org.openqa.selenium.remote.Augmenter$CompoundHandler can not access a member of class org.openqa.selenium.firefox.FirefoxDriver with modifiers "protected"
	at org.openqa.selenium.remote.Augmenter$CompoundHandler.intercept(Augmenter.java:280)
	at org.openqa.selenium.firefox.FirefoxDriver$$EnhancerByCGLIB$$5e9799dd.startClient(<generated>)
	at org.openqa.selenium.remote.RemoteWebDriver.<init>(RemoteWebDriver.java:110)
	at org.openqa.selenium.firefox.FirefoxDriver.<init>(FirefoxDriver.java:195)
	at org.openqa.selenium.firefox.FirefoxDriver.<init>(FirefoxDriver.java:190)
	at org.openqa.selenium.firefox.FirefoxDriver.<init>(FirefoxDriver.java:186)
	at org.openqa.selenium.firefox.FirefoxDriver.<init>(FirefoxDriver.java:99)
	at org.openqa.selenium.firefox.FirefoxDriver$$EnhancerByCGLIB$$5e9799dd.<init>(<generated>)
	at net.sf.cglib.core.ReflectUtils.newInstance(ReflectUtils.java:228)
	... 46 more
... Removed 39 stack frames]]>
    </failure>
  </testcase> <!-- @BeforeTest openBroswer -->
  <testcase name="@AfterClass closeBrowser" time="0.0" classname="Implementation.FaredepotTest">
    <skipped/>
  </testcase> <!-- @AfterClass closeBrowser -->
  <testcase name="Faredepot_data" time="0.001" classname="Implementation.FaredepotTest">
    <skipped/>
  </testcase> <!-- Faredepot_data -->
</testsuite> <!-- FirefoxTest -->
