<?xml version="1.0" encoding="UTF-8" ?>
<testsuite tests="1" failures="1" name="TestSuite" time="143.311" errors="0" skipped="0">
  <properties>
[...]
</properties>
  <testcase classname="Implementation.CDORTest" name="CDOR_data" time="143.311">
    <failure message="org.openqa.selenium.WebDriverException--&gt;unknown error: cannot parse capability: chromeOptions
from unknown error: must be a dictionary
  (Driver info: chromedriver=2.29.461591 (62ebf098771772160f391d75e589dc567915b233),platform=Windows NT 6.1.7601 SP1 x86_64) (WARNING: The server did not provide any stacktrace information)
Command duration or timeout: 40 milliseconds
Build info: version: &apos;2.37.1&apos;, revision: &apos;a7c61cbd68657e133ae96672cf995890bad2ee42&apos;, time: &apos;2013-10-21 09:08:07&apos;
System info: host: &apos;OdySol-DTP-027&apos;, ip: &apos;192.168.1.138&apos;, os.name: &apos;Windows 7&apos;, os.arch: &apos;amd64&apos;, os.version: &apos;6.1&apos;, java.version: &apos;1.8.0_101&apos;
Driver info: org.openqa.selenium.chrome.ChromeDriver
Capabilities [{applicationCacheEnabled=false, rotatable=false, mobileEmulationEnabled=false, networkConnectionEnabled=false, chrome={chromedriverVersion=2.29.461591 (62ebf098771772160f391d75e589dc567915b233), userDataDir=C:\Users\AJITNA~1\AppData\Local\Temp\scoped_dir1732_16318}, takesHeapSnapshot=true, pageLoadStrategy=normal, databaseEnabled=false, handlesAlerts=true, hasTouchScreen=false, version=58.0.3029.110, platform=XP, browserConnectionEnabled=false, nativeEvents=true, acceptSslCerts=true, locationContextEnabled=true, webStorageEnabled=true, browserName=chrome, takesScreenshot=true, javascriptEnabled=true, cssSelectorsEnabled=true, unexpectedAlertBehaviour=}]
Session ID: 9e94ba4a6d6c98adc1deb05584e2249b" type="net.sf.cglib.core.CodeGenerationException">net.sf.cglib.core.CodeGenerationException: org.openqa.selenium.WebDriverException--&gt;unknown error: cannot parse capability: chromeOptions
from unknown error: must be a dictionary
  (Driver info: chromedriver=2.29.461591 (62ebf098771772160f391d75e589dc567915b233),platform=Windows NT 6.1.7601 SP1 x86_64) (WARNING: The server did not provide any stacktrace information)
Command duration or timeout: 40 milliseconds
Build info: version: &apos;2.37.1&apos;, revision: &apos;a7c61cbd68657e133ae96672cf995890bad2ee42&apos;, time: &apos;2013-10-21 09:08:07&apos;
System info: host: &apos;OdySol-DTP-027&apos;, ip: &apos;192.168.1.138&apos;, os.name: &apos;Windows 7&apos;, os.arch: &apos;amd64&apos;, os.version: &apos;6.1&apos;, java.version: &apos;1.8.0_101&apos;
Driver info: org.openqa.selenium.chrome.ChromeDriver
Capabilities [{applicationCacheEnabled=false, rotatable=false, mobileEmulationEnabled=false, networkConnectionEnabled=false, chrome={chromedriverVersion=2.29.461591 (62ebf098771772160f391d75e589dc567915b233), userDataDir=C:\Users\AJITNA~1\AppData\Local\Temp\scoped_dir1732_16318}, takesHeapSnapshot=true, pageLoadStrategy=normal, databaseEnabled=false, handlesAlerts=true, hasTouchScreen=false, version=58.0.3029.110, platform=XP, browserConnectionEnabled=false, nativeEvents=true, acceptSslCerts=true, locationContextEnabled=true, webStorageEnabled=true, browserName=chrome, takesScreenshot=true, javascriptEnabled=true, cssSelectorsEnabled=true, unexpectedAlertBehaviour=}]
Session ID: 9e94ba4a6d6c98adc1deb05584e2249b
	at net.sf.cglib.core.ReflectUtils.newInstance(ReflectUtils.java:235)
	at net.sf.cglib.core.ReflectUtils.newInstance(ReflectUtils.java:220)
	at net.sf.cglib.core.ReflectUtils.newInstance(ReflectUtils.java:216)
	at net.sf.cglib.proxy.Enhancer.createUsingReflection(Enhancer.java:640)
	at net.sf.cglib.proxy.Enhancer.firstInstance(Enhancer.java:538)
	at net.sf.cglib.core.AbstractClassGenerator.create(AbstractClassGenerator.java:225)
	at net.sf.cglib.proxy.Enhancer.createHelper(Enhancer.java:377)
	at net.sf.cglib.proxy.Enhancer.create(Enhancer.java:285)
	at org.openqa.selenium.remote.Augmenter.create(Augmenter.java:237)
	at org.openqa.selenium.remote.Augmenter.augment(Augmenter.java:130)
	at ru.yandex.qatools.ashot.screentaker.ShootingStrategy$1.getScreenshot(ShootingStrategy.java:25)
	at ru.yandex.qatools.ashot.screentaker.HeadCuttingShootingStrategy.getScreenshot(HeadCuttingShootingStrategy.java:21)
	at ru.yandex.qatools.ashot.screentaker.VerticalPastingShootingStrategy.getScreenshot(VerticalPastingShootingStrategy.java:46)
	at ru.yandex.qatools.ashot.screentaker.ScreenTaker.take(ScreenTaker.java:23)
	at ru.yandex.qatools.ashot.AShot.takeScreenshot(AShot.java:166)
	at Implementation.CDORTest.CDOR_data(CDORTest.java:345)
Caused by: org.openqa.selenium.WebDriverException: unknown error: cannot parse capability: chromeOptions
from unknown error: must be a dictionary
  (Driver info: chromedriver=2.29.461591 (62ebf098771772160f391d75e589dc567915b233),platform=Windows NT 6.1.7601 SP1 x86_64) (WARNING: The server did not provide any stacktrace information)
Command duration or timeout: 40 milliseconds
Build info: version: &apos;2.37.1&apos;, revision: &apos;a7c61cbd68657e133ae96672cf995890bad2ee42&apos;, time: &apos;2013-10-21 09:08:07&apos;
System info: host: &apos;OdySol-DTP-027&apos;, ip: &apos;192.168.1.138&apos;, os.name: &apos;Windows 7&apos;, os.arch: &apos;amd64&apos;, os.version: &apos;6.1&apos;, java.version: &apos;1.8.0_101&apos;
Driver info: org.openqa.selenium.chrome.ChromeDriver
Capabilities [{applicationCacheEnabled=false, rotatable=false, mobileEmulationEnabled=false, networkConnectionEnabled=false, chrome={chromedriverVersion=2.29.461591 (62ebf098771772160f391d75e589dc567915b233), userDataDir=C:\Users\AJITNA~1\AppData\Local\Temp\scoped_dir1732_16318}, takesHeapSnapshot=true, pageLoadStrategy=normal, databaseEnabled=false, handlesAlerts=true, hasTouchScreen=false, version=58.0.3029.110, platform=XP, browserConnectionEnabled=false, nativeEvents=true, acceptSslCerts=true, locationContextEnabled=true, webStorageEnabled=true, browserName=chrome, takesScreenshot=true, javascriptEnabled=true, cssSelectorsEnabled=true, unexpectedAlertBehaviour=}]
Session ID: 9e94ba4a6d6c98adc1deb05584e2249b
	at sun.reflect.NativeConstructorAccessorImpl.newInstance0(Native Method)
	at sun.reflect.NativeConstructorAccessorImpl.newInstance(NativeConstructorAccessorImpl.java:62)
	at sun.reflect.DelegatingConstructorAccessorImpl.newInstance(DelegatingConstructorAccessorImpl.java:45)
	at java.lang.reflect.Constructor.newInstance(Constructor.java:423)
	at org.openqa.selenium.remote.ErrorHandler.createThrowable(ErrorHandler.java:193)
	at org.openqa.selenium.remote.ErrorHandler.throwIfResponseFailed(ErrorHandler.java:145)
	at org.openqa.selenium.remote.RemoteWebDriver.execute(RemoteWebDriver.java:554)
	at org.openqa.selenium.remote.RemoteWebDriver.startSession(RemoteWebDriver.java:216)
	at sun.reflect.NativeMethodAccessorImpl.invoke0(Native Method)
	at sun.reflect.NativeMethodAccessorImpl.invoke(NativeMethodAccessorImpl.java:62)
	at sun.reflect.DelegatingMethodAccessorImpl.invoke(DelegatingMethodAccessorImpl.java:43)
	at java.lang.reflect.Method.invoke(Method.java:498)
	at org.openqa.selenium.remote.Augmenter$CompoundHandler.intercept(Augmenter.java:280)
	at org.openqa.selenium.chrome.ChromeDriver$$EnhancerByCGLIB$$babaab78.startSession(&lt;generated&gt;)
	at org.openqa.selenium.remote.RemoteWebDriver.&lt;init&gt;(RemoteWebDriver.java:111)
	at org.openqa.selenium.remote.RemoteWebDriver.&lt;init&gt;(RemoteWebDriver.java:115)
	at org.openqa.selenium.chrome.ChromeDriver.&lt;init&gt;(ChromeDriver.java:171)
	at org.openqa.selenium.chrome.ChromeDriver.&lt;init&gt;(ChromeDriver.java:160)
	at org.openqa.selenium.chrome.ChromeDriver.&lt;init&gt;(ChromeDriver.java:117)
	at org.openqa.selenium.chrome.ChromeDriver$$EnhancerByCGLIB$$babaab78.&lt;init&gt;(&lt;generated&gt;)
	at sun.reflect.NativeConstructorAccessorImpl.newInstance0(Native Method)
	at sun.reflect.NativeConstructorAccessorImpl.newInstance(NativeConstructorAccessorImpl.java:62)
	at sun.reflect.DelegatingConstructorAccessorImpl.newInstance(DelegatingConstructorAccessorImpl.java:45)
	at java.lang.reflect.Constructor.newInstance(Constructor.java:423)
	at net.sf.cglib.core.ReflectUtils.newInstance(ReflectUtils.java:228)
	... 48 more
</failure>
    <system-err>Starting ChromeDriver 2.29.461591 (62ebf098771772160f391d75e589dc567915b233) on port 39880
Only local connections are allowed.
</system-err>
  </testcase>
</testsuite>