<?xml version="1.0" encoding="UTF-8"?>
<testng-results skipped="2" failed="0" total="2" passed="0">
  <reporter-output>
  </reporter-output>
  <suite name="Suite" duration-ms="2156" started-at="2017-01-03T14:41:30Z" finished-at="2017-01-03T14:41:32Z">
    <groups>
    </groups>
    <test name="ChromeTest" duration-ms="2156" started-at="2017-01-03T14:41:30Z" finished-at="2017-01-03T14:41:32Z">
      <class name="Implementation.HeldConfirmAndTicketedTest">
        <test-method status="FAIL" signature="openBroswer(java.lang.String)[pri:0, instance:Implementation.HeldConfirmAndTicketedTest@6adede5]" name="openBroswer" is-config="true" duration-ms="0" started-at="2017-01-03T09:41:30Z" finished-at="2017-01-03T09:41:30Z">
          <params>
            <param index="0">
              <value>
                <![CDATA[chrome]]>
              </value>
            </param>
          </params>
          <exception class="java.lang.NoClassDefFoundError">
            <message>
              <![CDATA[com/google/gson/JsonElement]]>
            </message>
            <full-stacktrace>
              <![CDATA[java.lang.NoClassDefFoundError: com/google/gson/JsonElement
	at java.lang.Class.getDeclaredMethods0(Native Method)
	at java.lang.Class.privateGetDeclaredMethods(Class.java:2701)
	at java.lang.Class.privateGetMethodRecursive(Class.java:3048)
	at java.lang.Class.getMethod0(Class.java:3018)
	at java.lang.Class.getMethod(Class.java:1784)
	at org.openqa.selenium.remote.BeanToJsonConverter.getMethod(BeanToJsonConverter.java:249)
	at org.openqa.selenium.remote.BeanToJsonConverter.convertObject(BeanToJsonConverter.java:214)
	at org.openqa.selenium.remote.BeanToJsonConverter.convertObject(BeanToJsonConverter.java:166)
	at org.openqa.selenium.remote.BeanToJsonConverter.convertObject(BeanToJsonConverter.java:199)
	at org.openqa.selenium.remote.BeanToJsonConverter.convertObject(BeanToJsonConverter.java:166)
	at org.openqa.selenium.remote.BeanToJsonConverter.convert(BeanToJsonConverter.java:64)
	at org.openqa.selenium.remote.HttpCommandExecutor.execute(HttpCommandExecutor.java:287)
	at org.openqa.selenium.remote.service.DriverCommandExecutor.execute(DriverCommandExecutor.java:66)
	at org.openqa.selenium.remote.RemoteWebDriver.execute(RemoteWebDriver.java:527)
	at org.openqa.selenium.remote.RemoteWebDriver.startSession(RemoteWebDriver.java:216)
	at org.openqa.selenium.remote.RemoteWebDriver.<init>(RemoteWebDriver.java:111)
	at org.openqa.selenium.remote.RemoteWebDriver.<init>(RemoteWebDriver.java:115)
	at org.openqa.selenium.chrome.ChromeDriver.<init>(ChromeDriver.java:171)
	at org.openqa.selenium.chrome.ChromeDriver.<init>(ChromeDriver.java:160)
	at org.openqa.selenium.chrome.ChromeDriver.<init>(ChromeDriver.java:117)
	at Implementation.HeldConfirmAndTicketedTest.openBroswer(HeldConfirmAndTicketedTest.java:66)
	at sun.reflect.NativeMethodAccessorImpl.invoke0(Native Method)
	at sun.reflect.NativeMethodAccessorImpl.invoke(NativeMethodAccessorImpl.java:62)
	at sun.reflect.DelegatingMethodAccessorImpl.invoke(DelegatingMethodAccessorImpl.java:43)
	at java.lang.reflect.Method.invoke(Method.java:498)
	at org.testng.internal.MethodInvocationHelper.invokeMethod(MethodInvocationHelper.java:85)
	at org.testng.internal.Invoker.invokeConfigurationMethod(Invoker.java:510)
	at org.testng.internal.Invoker.invokeConfigurations(Invoker.java:211)
	at org.testng.internal.Invoker.invokeConfigurations(Invoker.java:138)
	at org.testng.TestRunner.beforeRun(TestRunner.java:647)
	at org.testng.TestRunner.run(TestRunner.java:615)
	at org.testng.SuiteRunner.runTest(SuiteRunner.java:357)
	at org.testng.SuiteRunner.runSequentially(SuiteRunner.java:352)
	at org.testng.SuiteRunner.privateRun(SuiteRunner.java:310)
	at org.testng.SuiteRunner.run(SuiteRunner.java:259)
	at org.testng.SuiteRunnerWorker.runSuite(SuiteRunnerWorker.java:52)
	at org.testng.SuiteRunnerWorker.run(SuiteRunnerWorker.java:86)
	at org.testng.TestNG.runSuitesSequentially(TestNG.java:1185)
	at org.testng.TestNG.runSuitesLocally(TestNG.java:1110)
	at org.testng.TestNG.run(TestNG.java:1018)
	at org.apache.maven.surefire.testng.TestNGExecutor.run(TestNGExecutor.java:177)
	at org.apache.maven.surefire.testng.TestNGXmlTestSuite.execute(TestNGXmlTestSuite.java:92)
	at org.apache.maven.surefire.testng.TestNGProvider.invoke(TestNGProvider.java:105)
	at sun.reflect.NativeMethodAccessorImpl.invoke0(Native Method)
	at sun.reflect.NativeMethodAccessorImpl.invoke(NativeMethodAccessorImpl.java:62)
	at sun.reflect.DelegatingMethodAccessorImpl.invoke(DelegatingMethodAccessorImpl.java:43)
	at java.lang.reflect.Method.invoke(Method.java:498)
	at org.apache.maven.surefire.util.ReflectionUtils.invokeMethodWithArray(ReflectionUtils.java:189)
	at org.apache.maven.surefire.booter.ProviderFactory$ProviderProxy.invoke(ProviderFactory.java:165)
	at org.apache.maven.surefire.booter.ProviderFactory.invokeProvider(ProviderFactory.java:85)
	at org.apache.maven.surefire.booter.ForkedBooter.runSuitesInProcess(ForkedBooter.java:103)
	at org.apache.maven.surefire.booter.ForkedBooter.main(ForkedBooter.java:74)
Caused by: java.lang.ClassNotFoundException: com.google.gson.JsonElement
	at java.net.URLClassLoader.findClass(URLClassLoader.java:381)
	at java.lang.ClassLoader.loadClass(ClassLoader.java:424)
	at sun.misc.Launcher$AppClassLoader.loadClass(Launcher.java:331)
	at java.lang.ClassLoader.loadClass(ClassLoader.java:357)
	... 52 more
]]>
            </full-stacktrace>
          </exception> <!-- java.lang.NoClassDefFoundError -->
          <reporter-output>
          </reporter-output>
        </test-method> <!-- openBroswer -->
        <test-method status="SKIP" signature="Heldlogin_data(java.lang.String, java.lang.String, java.lang.String, java.lang.String, java.lang.String, java.lang.String, java.lang.String, java.lang.String, java.lang.String, java.lang.String, java.lang.String, java.lang.String, java.lang.String, java.lang.String, java.lang.String, java.lang.String, java.lang.String, java.lang.String, java.lang.String, java.lang.String)[pri:0, instance:Implementation.HeldConfirmAndTicketedTest@6adede5]" name="Heldlogin_data" duration-ms="1" started-at="2017-01-03T09:41:32Z" data-provider="Authentication" finished-at="2017-01-03T09:41:32Z">
          <params>
            <param index="0">
              <value>
                <![CDATA[ajit_123]]>
              </value>
            </param>
            <param index="1">
              <value>
                <![CDATA[ajitnakum]]>
              </value>
            </param>
            <param index="2">
              <value>
                <![CDATA[Toronto Pearson, ON, Canada]]>
              </value>
            </param>
            <param index="3">
              <value>
                <![CDATA[Las Vegas, NV, United States]]>
              </value>
            </param>
            <param index="4">
              <value>
                <![CDATA[Ravi]]>
              </value>
            </param>
            <param index="5">
              <value>
                <![CDATA[Patel]]>
              </value>
            </param>
            <param index="6">
              <value>
                <![CDATA[Bhargav]]>
              </value>
            </param>
            <param index="7">
              <value>
                <![CDATA[Suthar]]>
              </value>
            </param>
            <param index="8">
              <value>
                <![CDATA[Raj]]>
              </value>
            </param>
            <param index="9">
              <value>
                <![CDATA[Patel]]>
              </value>
            </param>
            <param index="10">
              <value>
                <![CDATA[ajit@gmail.com]]>
              </value>
            </param>
            <param index="11">
              <value>
                <![CDATA[7852146985]]>
              </value>
            </param>
            <param index="12">
              <value>
                <![CDATA[Aakash Paliwal]]>
              </value>
            </param>
            <param index="13">
              <value>
                <![CDATA[4111111111111111]]>
              </value>
            </param>
            <param index="14">
              <value>
                <![CDATA[456]]>
              </value>
            </param>
            <param index="15">
              <value>
                <![CDATA[201 Chroma Tower]]>
              </value>
            </param>
            <param index="16">
              <value>
                <![CDATA[Boston]]>
              </value>
            </param>
            <param index="17">
              <value>
                <![CDATA[74526]]>
              </value>
            </param>
            <param index="18">
              <value>
                <![CDATA[9085263874]]>
              </value>
            </param>
            <param index="19">
              <value>
                <![CDATA[Bank Of Baroda]]>
              </value>
            </param>
          </params>
          <reporter-output>
          </reporter-output>
        </test-method> <!-- Heldlogin_data -->
        <test-method status="SKIP" signature="Heldlogin_data(java.lang.String, java.lang.String, java.lang.String, java.lang.String, java.lang.String, java.lang.String, java.lang.String, java.lang.String, java.lang.String, java.lang.String, java.lang.String, java.lang.String, java.lang.String, java.lang.String, java.lang.String, java.lang.String, java.lang.String, java.lang.String, java.lang.String, java.lang.String)[pri:0, instance:Implementation.HeldConfirmAndTicketedTest@6adede5]" name="Heldlogin_data" duration-ms="0" started-at="2017-01-03T09:41:32Z" data-provider="Authentication" finished-at="2017-01-03T09:41:32Z">
          <params>
            <param index="0">
              <value>
                <![CDATA[ajithn@odysol.com]]>
              </value>
            </param>
            <param index="1">
              <value>
                <![CDATA[odysseus]]>
              </value>
            </param>
            <param index="2">
              <value>
                <![CDATA[Toronto Pearson, ON, Canada]]>
              </value>
            </param>
            <param index="3">
              <value>
                <![CDATA[Las Vegas, NV, United States]]>
              </value>
            </param>
            <param index="4">
              <value>
                <![CDATA[Ajit]]>
              </value>
            </param>
            <param index="5">
              <value>
                <![CDATA[Nakum]]>
              </value>
            </param>
            <param index="6">
              <value>
                <![CDATA[Aakash]]>
              </value>
            </param>
            <param index="7">
              <value>
                <![CDATA[Paliwal]]>
              </value>
            </param>
            <param index="8">
              <value>
                <![CDATA[Eric]]>
              </value>
            </param>
            <param index="9">
              <value>
                <![CDATA[Methews]]>
              </value>
            </param>
            <param index="10">
              <value>
                <![CDATA[ajit_nakum@odysseussolutions.com]]>
              </value>
            </param>
            <param index="11">
              <value>
                <![CDATA[8952634785]]>
              </value>
            </param>
            <param index="12">
              <value>
                <![CDATA[Ajit Nakum]]>
              </value>
            </param>
            <param index="13">
              <value>
                <![CDATA[4111111111111111]]>
              </value>
            </param>
            <param index="14">
              <value>
                <![CDATA[123]]>
              </value>
            </param>
            <param index="15">
              <value>
                <![CDATA[305 White House]]>
              </value>
            </param>
            <param index="16">
              <value>
                <![CDATA[New York]]>
              </value>
            </param>
            <param index="17">
              <value>
                <![CDATA[10245]]>
              </value>
            </param>
            <param index="18">
              <value>
                <![CDATA[8952634785]]>
              </value>
            </param>
            <param index="19">
              <value>
                <![CDATA[State Bank Of India]]>
              </value>
            </param>
          </params>
          <reporter-output>
          </reporter-output>
        </test-method> <!-- Heldlogin_data -->
        <test-method status="SKIP" signature="closeBrowser()[pri:0, instance:Implementation.HeldConfirmAndTicketedTest@6adede5]" name="closeBrowser" is-config="true" duration-ms="0" started-at="2017-01-03T09:41:32Z" finished-at="2017-01-03T09:41:32Z">
          <reporter-output>
          </reporter-output>
        </test-method> <!-- closeBrowser -->
      </class> <!-- Implementation.HeldConfirmAndTicketedTest -->
    </test> <!-- ChromeTest -->
  </suite> <!-- Suite -->
</testng-results>
