<?xml version="1.0" encoding="UTF-8"?>
<!-- Generated by org.testng.reporters.JUnitXMLReporter -->
<testsuite hostname="OdySol-DTP-027" name="Default test" tests="36" failures="2" timestamp="27 Jun 2017 13:37:49 GMT" time="2.09" errors="0">
  <testcase name="@BeforeTest openBroswer" time="0.0" classname="Implementation.ADCMSCTest">
    <failure type="org.testng.TestNGException" message="
Parameter &amp;apos;browser&amp;apos; is required by @Configuration on method openBroswer but has not been marked @Optional or defined
in C:\Users\Ajit Nakum\AppData\Local\Temp\testng-eclipse--924018525\testng-customsuite.xml">
      <![CDATA[org.testng.TestNGException: 
Parameter 'browser' is required by @Configuration on method openBroswer but has not been marked @Optional or defined
in C:\Users\Ajit Nakum\AppData\Local\Temp\testng-eclipse--924018525\testng-customsuite.xml
	at org.testng.internal.Parameters.createParameters(Parameters.java:154)
	at org.testng.internal.Parameters.createParameters(Parameters.java:361)
	at org.testng.internal.Parameters.createConfigurationParameters(Parameters.java:84)
	at org.testng.internal.Invoker.invokeConfigurations(Invoker.java:197)
	at org.testng.internal.Invoker.invokeConfigurations(Invoker.java:138)
	at org.testng.TestRunner.beforeRun(TestRunner.java:647)
	at org.testng.TestRunner.run(TestRunner.java:615)
	at org.testng.SuiteRunner.runTest(SuiteRunner.java:357)
	at org.testng.SuiteRunner.runSequentially(SuiteRunner.java:352)
	at org.testng.SuiteRunner.privateRun(SuiteRunner.java:310)
	at org.testng.SuiteRunner.run(SuiteRunner.java:259)
	at org.testng.SuiteRunnerWorker.runSuite(SuiteRunnerWorker.java:52)
	at org.testng.SuiteRunnerWorker.run(SuiteRunnerWorker.java:86)
	at org.testng.TestNG.runSuitesSequentially(TestNG.java:1185)
	at org.testng.TestNG.runSuitesLocally(TestNG.java:1110)
	at org.testng.TestNG.run(TestNG.java:1018)
	at org.testng.remote.AbstractRemoteTestNG.run(AbstractRemoteTestNG.java:132)
	at org.testng.remote.RemoteTestNG.initAndRun(RemoteTestNG.java:230)
	at org.testng.remote.RemoteTestNG.main(RemoteTestNG.java:76)
]]>
    </failure>
  </testcase> <!-- @BeforeTest openBroswer -->
  <testcase name="@BeforeTest openBroswer" time="0.0" classname="Implementation.ADCMSCTest">
    <skipped/>
  </testcase> <!-- @BeforeTest openBroswer -->
  <testcase name="@BeforeTest openBroswer" time="0.001" classname="Implementation.ADCMSCTest">
    <skipped/>
  </testcase> <!-- @BeforeTest openBroswer -->
  <testcase name="@BeforeTest openBroswer" time="0.0" classname="Implementation.ADCMSCTest">
    <skipped/>
  </testcase> <!-- @BeforeTest openBroswer -->
  <testcase name="@BeforeTest openBroswer" time="0.0" classname="Implementation.ADCMSCTest">
    <skipped/>
  </testcase> <!-- @BeforeTest openBroswer -->
  <testcase name="@BeforeTest openBroswer" time="0.0" classname="Implementation.ADCMSCTest">
    <skipped/>
  </testcase> <!-- @BeforeTest openBroswer -->
  <testcase name="@BeforeTest openBroswer" time="0.0" classname="Implementation.ADCMSCTest">
    <skipped/>
  </testcase> <!-- @BeforeTest openBroswer -->
  <testcase name="@BeforeTest openBroswer" time="0.0" classname="Implementation.ADCMSCTest">
    <skipped/>
  </testcase> <!-- @BeforeTest openBroswer -->
  <testcase name="@BeforeTest openBroswer" time="0.0" classname="Implementation.ADCMSCTest">
    <skipped/>
  </testcase> <!-- @BeforeTest openBroswer -->
  <testcase name="@BeforeTest openBroswer" time="0.0" classname="Implementation.ADCMSCTest">
    <skipped/>
  </testcase> <!-- @BeforeTest openBroswer -->
  <testcase name="@BeforeTest openBroswer" time="0.0" classname="Implementation.ADCMSCTest">
    <skipped/>
  </testcase> <!-- @BeforeTest openBroswer -->
  <testcase name="@BeforeTest openBroswer" time="0.0" classname="Implementation.ADCMSCTest">
    <skipped/>
  </testcase> <!-- @BeforeTest openBroswer -->
  <testcase name="@BeforeTest openBroswer" time="0.0" classname="Implementation.ADCMSCTest">
    <skipped/>
  </testcase> <!-- @BeforeTest openBroswer -->
  <testcase name="@BeforeTest openBroswer" time="0.0" classname="Implementation.ADCMSCTest">
    <skipped/>
  </testcase> <!-- @BeforeTest openBroswer -->
  <testcase name="@BeforeTest openBroswer" time="0.0" classname="Implementation.ADCMSCTest">
    <skipped/>
  </testcase> <!-- @BeforeTest openBroswer -->
  <testcase name="@BeforeTest openBroswer" time="0.0" classname="Implementation.ADCMSCTest">
    <skipped/>
  </testcase> <!-- @BeforeTest openBroswer -->
  <testcase name="@BeforeTest openBroswer" time="0.0" classname="Implementation.ADCMSCTest">
    <skipped/>
  </testcase> <!-- @BeforeTest openBroswer -->
  <testcase name="@BeforeTest openBroswer" time="0.0" classname="Implementation.ADCMSCTest">
    <skipped/>
  </testcase> <!-- @BeforeTest openBroswer -->
  <testcase name="@BeforeTest openBroswer" time="0.0" classname="Implementation.ADCMSCTest">
    <skipped/>
  </testcase> <!-- @BeforeTest openBroswer -->
  <testcase name="@BeforeTest openBroswer" time="0.0" classname="Implementation.ADCMSCTest">
    <skipped/>
  </testcase> <!-- @BeforeTest openBroswer -->
  <testcase name="@BeforeTest openBroswer" time="0.0" classname="Implementation.ADCMSCTest">
    <skipped/>
  </testcase> <!-- @BeforeTest openBroswer -->
  <testcase name="@BeforeTest openBroswer" time="0.0" classname="Implementation.ADCMSCTest">
    <skipped/>
  </testcase> <!-- @BeforeTest openBroswer -->
  <testcase name="@BeforeTest openBroswer" time="0.0" classname="Implementation.ADCMSCTest">
    <skipped/>
  </testcase> <!-- @BeforeTest openBroswer -->
  <testcase name="@BeforeTest openBroswer" time="0.0" classname="Implementation.ADCMSCTest">
    <skipped/>
  </testcase> <!-- @BeforeTest openBroswer -->
  <testcase name="@BeforeTest openBroswer" time="0.0" classname="Implementation.ADCMSCTest">
    <skipped/>
  </testcase> <!-- @BeforeTest openBroswer -->
  <testcase name="@BeforeTest openBroswer" time="0.0" classname="Implementation.ADCMSCTest">
    <skipped/>
  </testcase> <!-- @BeforeTest openBroswer -->
  <testcase name="@BeforeTest openBroswer" time="0.0" classname="Implementation.ADCMSCTest">
    <skipped/>
  </testcase> <!-- @BeforeTest openBroswer -->
  <testcase name="@BeforeTest openBroswer" time="0.0" classname="Implementation.ADCMSCTest">
    <skipped/>
  </testcase> <!-- @BeforeTest openBroswer -->
  <testcase name="@BeforeClass baseClass" time="0.0" classname="Implementation.BPCCruiseBookingTest">
    <skipped/>
  </testcase> <!-- @BeforeClass baseClass -->
  <testcase name="@AfterClass closeBrowser" time="0.0" classname="Implementation.BPCCruiseBookingTest">
    <skipped/>
  </testcase> <!-- @AfterClass closeBrowser -->
  <testcase name="@BeforeClass baseClass" time="0.0" classname="Implementation.LocalCruiseBookingTest">
    <skipped/>
  </testcase> <!-- @BeforeClass baseClass -->
  <testcase name="@AfterClass closeBrowser" time="0.0" classname="Implementation.LocalCruiseBookingTest">
    <skipped/>
  </testcase> <!-- @AfterClass closeBrowser -->
  <testcase name="@BeforeClass baseClass" time="0.0" classname="Implementation.FaregeekTest">
    <skipped/>
  </testcase> <!-- @BeforeClass baseClass -->
  <testcase name="@AfterClass closeBrowser" time="0.0" classname="Implementation.FaregeekTest">
    <skipped/>
  </testcase> <!-- @AfterClass closeBrowser -->
  <testcase name="@BeforeClass baseClass" time="0.0" classname="Implementation.LocalAlanitaConfirmTest">
    <skipped/>
  </testcase> <!-- @BeforeClass baseClass -->
  <testcase name="@AfterClass closeBrowser" time="0.0" classname="Implementation.LocalAlanitaConfirmTest">
    <skipped/>
  </testcase> <!-- @AfterClass closeBrowser -->
  <testcase name="@BeforeClass baseClass" time="0.0" classname="Implementation.LocalDynamicPackagingTest">
    <skipped/>
  </testcase> <!-- @BeforeClass baseClass -->
  <testcase name="@AfterClass closeBrowser" time="0.0" classname="Implementation.LocalDynamicPackagingTest">
    <skipped/>
  </testcase> <!-- @AfterClass closeBrowser -->
  <testcase name="@BeforeClass baseClass" time="0.0" classname="Implementation.LocalBPCTest">
    <skipped/>
  </testcase> <!-- @BeforeClass baseClass -->
  <testcase name="@AfterClass closeBrowser" time="0.0" classname="Implementation.LocalBPCTest">
    <skipped/>
  </testcase> <!-- @AfterClass closeBrowser -->
  <testcase name="@BeforeClass baseClass" time="0.0" classname="Implementation.OdysolAirHeldBookingTest">
    <skipped/>
  </testcase> <!-- @BeforeClass baseClass -->
  <testcase name="@AfterClass closeBrowser" time="0.0" classname="Implementation.OdysolAirHeldBookingTest">
    <skipped/>
  </testcase> <!-- @AfterClass closeBrowser -->
  <testcase name="@BeforeClass baseClass" time="0.0" classname="Implementation.CDORTest">
    <skipped/>
  </testcase> <!-- @BeforeClass baseClass -->
  <testcase name="@AfterClass closeBrowser" time="0.0" classname="Implementation.CDORTest">
    <skipped/>
  </testcase> <!-- @AfterClass closeBrowser -->
  <testcase name="@BeforeClass baseClass" time="0.0" classname="Implementation.OdysseusTicketLocalTest">
    <skipped/>
  </testcase> <!-- @BeforeClass baseClass -->
  <testcase name="@AfterClass closeBrowser" time="0.0" classname="Implementation.OdysseusTicketLocalTest">
    <skipped/>
  </testcase> <!-- @AfterClass closeBrowser -->
  <testcase name="@AfterClass closeBrowser" time="0.0" classname="Implementation.DatadrivenTest">
    <skipped/>
  </testcase> <!-- @AfterClass closeBrowser -->
  <testcase name="@BeforeClass baseClass" time="0.0" classname="Implementation.VivaVoyageTest">
    <skipped/>
  </testcase> <!-- @BeforeClass baseClass -->
  <testcase name="@AfterClass closeBrowser" time="0.0" classname="Implementation.VivaVoyageTest">
    <skipped/>
  </testcase> <!-- @AfterClass closeBrowser -->
  <testcase name="@BeforeClass baseClass" time="0.0" classname="Implementation.ADCMSCTest">
    <skipped/>
  </testcase> <!-- @BeforeClass baseClass -->
  <testcase name="@AfterClass closeBrowser" time="0.0" classname="Implementation.ADCMSCTest">
    <skipped/>
  </testcase> <!-- @AfterClass closeBrowser -->
  <testcase name="@BeforeClass baseClass" time="0.0" classname="Implementation.LocalTravelportTest">
    <skipped/>
  </testcase> <!-- @BeforeClass baseClass -->
  <testcase name="@AfterClass closeBrowser" time="0.0" classname="Implementation.LocalTravelportTest">
    <skipped/>
  </testcase> <!-- @AfterClass closeBrowser -->
  <testcase name="@BeforeClass baseClass" time="0.0" classname="Implementation.OdysolCruiseBookingTest">
    <skipped/>
  </testcase> <!-- @BeforeClass baseClass -->
  <testcase name="@AfterClass closeBrowser" time="0.0" classname="Implementation.OdysolCruiseBookingTest">
    <skipped/>
  </testcase> <!-- @AfterClass closeBrowser -->
  <testcase name="@BeforeClass baseClass" time="0.0" classname="Implementation.ADCRCCLTest">
    <skipped/>
  </testcase> <!-- @BeforeClass baseClass -->
  <testcase name="@AfterClass closeBrowser" time="0.0" classname="Implementation.ADCRCCLTest">
    <skipped/>
  </testcase> <!-- @AfterClass closeBrowser -->
  <testcase name="@AfterClass closeBrowser" time="0.0" classname="Implementation.LoginTest">
    <skipped/>
  </testcase> <!-- @AfterClass closeBrowser -->
  <testcase name="@BeforeClass baseClass" time="0.0" classname="Implementation.AdmindefaultpageTest">
    <skipped/>
  </testcase> <!-- @BeforeClass baseClass -->
  <testcase name="@BeforeClass baseClass" time="0.0" classname="Implementation.AlanitaConfirmBtoBTest">
    <skipped/>
  </testcase> <!-- @BeforeClass baseClass -->
  <testcase name="@AfterClass closeBrowser" time="0.0" classname="Implementation.AlanitaConfirmBtoBTest">
    <skipped/>
  </testcase> <!-- @AfterClass closeBrowser -->
  <testcase name="@BeforeClass baseClass" time="0.0" classname="Implementation.DLCTest">
    <skipped/>
  </testcase> <!-- @BeforeClass baseClass -->
  <testcase name="@AfterClass closeBrowser" time="0.0" classname="Implementation.DLCTest">
    <skipped/>
  </testcase> <!-- @AfterClass closeBrowser -->
  <testcase name="@BeforeClass baseClass" time="0.0" classname="Implementation.OdysolAirConfirmBookingTest">
    <skipped/>
  </testcase> <!-- @BeforeClass baseClass -->
  <testcase name="@AfterClass closeBrowser" time="0.0" classname="Implementation.OdysolAirConfirmBookingTest">
    <skipped/>
  </testcase> <!-- @AfterClass closeBrowser -->
  <testcase name="@BeforeClass baseClass" time="0.0" classname="Implementation.FaredepotTest">
    <skipped/>
  </testcase> <!-- @BeforeClass baseClass -->
  <testcase name="@AfterClass closeBrowser" time="0.0" classname="Implementation.FaredepotTest">
    <skipped/>
  </testcase> <!-- @AfterClass closeBrowser -->
  <testcase name="@BeforeClass baseClass" time="0.0" classname="Implementation.LocalAirBookingTest">
    <skipped/>
  </testcase> <!-- @BeforeClass baseClass -->
  <testcase name="@AfterClass closeBrowser" time="0.0" classname="Implementation.LocalAirBookingTest">
    <skipped/>
  </testcase> <!-- @AfterClass closeBrowser -->
  <testcase name="@BeforeClass baseClass" time="0.0" classname="Implementation.OdysolHotelBookingTest">
    <skipped/>
  </testcase> <!-- @BeforeClass baseClass -->
  <testcase name="@AfterClass closeBrowser" time="0.0" classname="Implementation.OdysolHotelBookingTest">
    <skipped/>
  </testcase> <!-- @AfterClass closeBrowser -->
  <testcase name="@BeforeClass baseClass" time="0.0" classname="Implementation.LocalOdysolDemoTest">
    <skipped/>
  </testcase> <!-- @BeforeClass baseClass -->
  <testcase name="@AfterClass closeBrowser" time="0.0" classname="Implementation.LocalOdysolDemoTest">
    <skipped/>
  </testcase> <!-- @AfterClass closeBrowser -->
  <testcase name="@BeforeClass baseClass" time="0.0" classname="Implementation.AlanitaETicketedCancelBtoBTest">
    <skipped/>
  </testcase> <!-- @BeforeClass baseClass -->
  <testcase name="@AfterClass closeBrowser" time="0.0" classname="Implementation.AlanitaETicketedCancelBtoBTest">
    <skipped/>
  </testcase> <!-- @AfterClass closeBrowser -->
  <testcase name="@BeforeClass baseClass" time="0.0" classname="Implementation.AirAlanitaHeldBtoBTest">
    <skipped/>
  </testcase> <!-- @BeforeClass baseClass -->
  <testcase name="@AfterClass closeBrowser" time="0.0" classname="Implementation.AirAlanitaHeldBtoBTest">
    <skipped/>
  </testcase> <!-- @AfterClass closeBrowser -->
  <testcase name="@BeforeClass baseClass" time="0.0" classname="Implementation.LocalDynamicPackagingAirTest">
    <skipped/>
  </testcase> <!-- @BeforeClass baseClass -->
  <testcase name="@AfterClass closeBrowser" time="0.0" classname="Implementation.LocalDynamicPackagingAirTest">
    <skipped/>
  </testcase> <!-- @AfterClass closeBrowser -->
  <testcase name="@BeforeClass baseClass" time="0.0" classname="Implementation.OdysolAirHeldConfirmAndTicketedTest">
    <skipped/>
  </testcase> <!-- @BeforeClass baseClass -->
  <testcase name="@AfterClass closeBrowser" time="0.0" classname="Implementation.OdysolAirHeldConfirmAndTicketedTest">
    <skipped/>
  </testcase> <!-- @AfterClass closeBrowser -->
  <testcase name="BPC_data" time="0.013" classname="Implementation.BPCCruiseBookingTest">
    <skipped/>
  </testcase> <!-- BPC_data -->
  <testcase name="DLC_data" time="0.001" classname="Implementation.LocalCruiseBookingTest">
    <skipped/>
  </testcase> <!-- DLC_data -->
  <testcase name="Fregeek_Data" time="0.0" classname="Implementation.FaregeekTest">
    <skipped/>
  </testcase> <!-- Fregeek_Data -->
  <testcase name="Confirmlogin_data" time="0.001" classname="Implementation.LocalAlanitaConfirmTest">
    <skipped/>
  </testcase> <!-- Confirmlogin_data -->
  <testcase name="Confirmlogin_data" time="0.001" classname="Implementation.LocalDynamicPackagingTest">
    <skipped/>
  </testcase> <!-- Confirmlogin_data -->
  <testcase name="DLC_data" time="0.001" classname="Implementation.LocalBPCTest">
    <skipped/>
  </testcase> <!-- DLC_data -->
  <testcase name="Heldlogin_data" time="0.001" classname="Implementation.OdysolAirHeldBookingTest">
    <skipped/>
  </testcase> <!-- Heldlogin_data -->
  <testcase name="CDOR_data" time="0.002" classname="Implementation.CDORTest">
    <skipped/>
  </testcase> <!-- CDOR_data -->
  <testcase name="Local_data" time="0.001" classname="Implementation.OdysseusTicketLocalTest">
    <skipped/>
  </testcase> <!-- Local_data -->
  <testcase name="Additionalinfo" time="0.001" classname="Implementation.DatadrivenTest">
    <skipped/>
  </testcase> <!-- Additionalinfo -->
  <testcase name="Authentication" time="0.0" classname="Implementation.DatadrivenTest">
    <skipped/>
  </testcase> <!-- Authentication -->
  <testcase name="Bookingcontactinfo" time="0.0" classname="Implementation.DatadrivenTest">
    <skipped/>
  </testcase> <!-- Bookingcontactinfo -->
  <testcase name="Holdbooking" time="0.0" classname="Implementation.DatadrivenTest">
    <skipped/>
  </testcase> <!-- Holdbooking -->
  <testcase name="Markup" time="0.0" classname="Implementation.DatadrivenTest">
    <skipped/>
  </testcase> <!-- Markup -->
  <testcase name="Pagenavigation" time="0.0" classname="Implementation.DatadrivenTest">
    <skipped/>
  </testcase> <!-- Pagenavigation -->
  <testcase name="Passengerdetails" time="0.0" classname="Implementation.DatadrivenTest">
    <skipped/>
  </testcase> <!-- Passengerdetails -->
  <testcase name="Searchflight" time="0.01" classname="Implementation.DatadrivenTest">
    <skipped/>
  </testcase> <!-- Searchflight -->
  <testcase name="Selectflight" time="0.001" classname="Implementation.DatadrivenTest">
    <skipped/>
  </testcase> <!-- Selectflight -->
  <testcase name="Vivavoyage_data" time="0.001" classname="Implementation.VivaVoyageTest">
    <skipped/>
  </testcase> <!-- Vivavoyage_data -->
  <testcase name="ADCMSC_data" time="0.001" classname="Implementation.ADCMSCTest">
    <skipped/>
  </testcase> <!-- ADCMSC_data -->
  <testcase name="Confirmlogin_data" time="0.001" classname="Implementation.LocalTravelportTest">
    <skipped/>
  </testcase> <!-- Confirmlogin_data -->
  <testcase name="CruiseBooking_data" time="0.0" classname="Implementation.OdysolCruiseBookingTest">
    <skipped/>
  </testcase> <!-- CruiseBooking_data -->
  <testcase name="ADCRCCL_data" time="0.0" classname="Implementation.ADCRCCLTest">
    <skipped/>
  </testcase> <!-- ADCRCCL_data -->
  <testcase name="login_data" time="0.027" classname="Implementation.LoginTest">
    <failure type="org.testng.TestNGException" message="
The data provider is trying to pass 24 parameters but the method Implementation.LoginTest#login_data takes 23">
      <![CDATA[org.testng.TestNGException: 
The data provider is trying to pass 24 parameters but the method Implementation.LoginTest#login_data takes 23
	at org.testng.internal.Invoker.injectParameters(Invoker.java:1232)
	at org.testng.internal.Invoker.invokeTestMethods(Invoker.java:1125)
	at org.testng.internal.TestMethodWorker.invokeTestMethods(TestMethodWorker.java:125)
	at org.testng.internal.TestMethodWorker.run(TestMethodWorker.java:108)
	at org.testng.TestRunner.privateRun(TestRunner.java:773)
	at org.testng.TestRunner.run(TestRunner.java:623)
	at org.testng.SuiteRunner.runTest(SuiteRunner.java:357)
	at org.testng.SuiteRunner.runSequentially(SuiteRunner.java:352)
	at org.testng.SuiteRunner.privateRun(SuiteRunner.java:310)
	at org.testng.SuiteRunner.run(SuiteRunner.java:259)
	at org.testng.SuiteRunnerWorker.runSuite(SuiteRunnerWorker.java:52)
	at org.testng.SuiteRunnerWorker.run(SuiteRunnerWorker.java:86)
	at org.testng.TestNG.runSuitesSequentially(TestNG.java:1185)
	at org.testng.TestNG.runSuitesLocally(TestNG.java:1110)
	at org.testng.TestNG.run(TestNG.java:1018)
	at org.testng.remote.AbstractRemoteTestNG.run(AbstractRemoteTestNG.java:132)
	at org.testng.remote.RemoteTestNG.initAndRun(RemoteTestNG.java:230)
	at org.testng.remote.RemoteTestNG.main(RemoteTestNG.java:76)
]]>
    </failure>
  </testcase> <!-- login_data -->
  <testcase name="login_data1" time="0.027" classname="Implementation.AdmindefaultpageTest">
    <failure type="org.testng.TestNGException" message="
The data provider is trying to pass 24 parameters but the method Implementation.AdmindefaultpageTest#login_data1 takes 23">
      <![CDATA[org.testng.TestNGException: 
The data provider is trying to pass 24 parameters but the method Implementation.AdmindefaultpageTest#login_data1 takes 23
	at org.testng.internal.Invoker.injectParameters(Invoker.java:1232)
	at org.testng.internal.Invoker.invokeTestMethods(Invoker.java:1125)
	at org.testng.internal.TestMethodWorker.invokeTestMethods(TestMethodWorker.java:125)
	at org.testng.internal.TestMethodWorker.run(TestMethodWorker.java:108)
	at org.testng.TestRunner.privateRun(TestRunner.java:773)
	at org.testng.TestRunner.run(TestRunner.java:623)
	at org.testng.SuiteRunner.runTest(SuiteRunner.java:357)
	at org.testng.SuiteRunner.runSequentially(SuiteRunner.java:352)
	at org.testng.SuiteRunner.privateRun(SuiteRunner.java:310)
	at org.testng.SuiteRunner.run(SuiteRunner.java:259)
	at org.testng.SuiteRunnerWorker.runSuite(SuiteRunnerWorker.java:52)
	at org.testng.SuiteRunnerWorker.run(SuiteRunnerWorker.java:86)
	at org.testng.TestNG.runSuitesSequentially(TestNG.java:1185)
	at org.testng.TestNG.runSuitesLocally(TestNG.java:1110)
	at org.testng.TestNG.run(TestNG.java:1018)
	at org.testng.remote.AbstractRemoteTestNG.run(AbstractRemoteTestNG.java:132)
	at org.testng.remote.RemoteTestNG.initAndRun(RemoteTestNG.java:230)
	at org.testng.remote.RemoteTestNG.main(RemoteTestNG.java:76)
]]>
    </failure>
  </testcase> <!-- login_data1 -->
  <testcase name="Heldlogin_data" time="0.001" classname="Implementation.AlanitaConfirmBtoBTest">
    <skipped/>
  </testcase> <!-- Heldlogin_data -->
  <testcase name="DLC_data" time="0.001" classname="Implementation.DLCTest">
    <skipped/>
  </testcase> <!-- DLC_data -->
  <testcase name="Confirmlogin_data" time="0.001" classname="Implementation.OdysolAirConfirmBookingTest">
    <skipped/>
  </testcase> <!-- Confirmlogin_data -->
  <testcase name="Faredepot_data" time="0.001" classname="Implementation.FaredepotTest">
    <skipped/>
  </testcase> <!-- Faredepot_data -->
  <testcase name="Confirmlogin_data" time="0.005" classname="Implementation.LocalAirBookingTest">
    <skipped/>
  </testcase> <!-- Confirmlogin_data -->
  <testcase name="HotelBooking_data" time="0.001" classname="Implementation.OdysolHotelBookingTest">
    <skipped/>
  </testcase> <!-- HotelBooking_data -->
  <testcase name="Confirmlogin_data" time="0.002" classname="Implementation.LocalOdysolDemoTest">
    <skipped/>
  </testcase> <!-- Confirmlogin_data -->
  <testcase name="Heldlogin_data" time="0.001" classname="Implementation.AlanitaETicketedCancelBtoBTest">
    <skipped/>
  </testcase> <!-- Heldlogin_data -->
  <testcase name="Heldlogin_data" time="0.001" classname="Implementation.AirAlanitaHeldBtoBTest">
    <skipped/>
  </testcase> <!-- Heldlogin_data -->
  <testcase name="Confirmlogin_data" time="0.002" classname="Implementation.LocalDynamicPackagingAirTest">
    <skipped/>
  </testcase> <!-- Confirmlogin_data -->
  <testcase name="Heldlogin_data" time="0.0" classname="Implementation.OdysolAirHeldConfirmAndTicketedTest">
    <skipped/>
  </testcase> <!-- Heldlogin_data -->
</testsuite> <!-- Default test -->
