<?xml version="1.0" encoding="UTF-8"?>
<testng-results skipped="0" failed="1" total="1" passed="0">
  <reporter-output>
    <line>
      <![CDATA[Website Name :- Parth Bhatt]]>
    </line>
    <line>
      <![CDATA[Affiliate :- Odysseus-CAMH]]>
    </line>
    <line>
      <![CDATA[Total Time for serch page to result page load(Milisec) - 3982]]>
    </line>
    <line>
      <![CDATA[Total Time for result page to details page load(Milisec) - 6200]]>
    </line>
    <line>
      <![CDATA[Total Time for details page to category page load(Milisec) - 7723]]>
    </line>
  </reporter-output>
  <suite name="Suite" duration-ms="181842" started-at="2017-10-16T10:17:41Z" finished-at="2017-10-16T10:20:43Z">
    <groups>
    </groups>
    <test name="ChromeTest" duration-ms="181842" started-at="2017-10-16T10:17:41Z" finished-at="2017-10-16T10:20:43Z">
      <class name="Implementation.LocalOpenSegmentTest">
        <test-method status="PASS" signature="openBroswer(java.lang.String)[pri:0, instance:Implementation.LocalOpenSegmentTest@74ad1f1f]" name="openBroswer" is-config="true" duration-ms="2354" started-at="2017-10-16T15:47:41Z" finished-at="2017-10-16T15:47:44Z">
          <params>
            <param index="0">
              <value>
                <![CDATA[chrome]]>
              </value>
            </param>
          </params>
          <reporter-output>
          </reporter-output>
        </test-method> <!-- openBroswer -->
        <test-method status="PASS" signature="baseClass()[pri:0, instance:Implementation.LocalOpenSegmentTest@74ad1f1f]" name="baseClass" is-config="true" duration-ms="12147" started-at="2017-10-16T15:47:44Z" finished-at="2017-10-16T15:47:56Z">
          <reporter-output>
          </reporter-output>
        </test-method> <!-- baseClass -->
        <test-method status="FAIL" signature="DLC_data(java.lang.String, java.lang.String, java.lang.String, java.lang.String, java.lang.String, java.lang.String, java.lang.String, java.lang.String, java.lang.String, java.lang.String, java.lang.String, java.lang.String, java.lang.String, java.lang.String, java.lang.String, java.lang.String, java.lang.String, java.lang.String, java.lang.String, java.lang.String, java.lang.String)[pri:0, instance:Implementation.LocalOpenSegmentTest@74ad1f1f]" name="DLC_data" duration-ms="166804" started-at="2017-10-16T15:47:56Z" data-provider="Authentications" finished-at="2017-10-16T15:50:43Z">
          <params>
            <param index="0">
              <value>
                <![CDATA[ajithn@odysol.com]]>
              </value>
            </param>
            <param index="1">
              <value>
                <![CDATA[odysseus]]>
              </value>
            </param>
            <param index="2">
              <value>
                <![CDATA[Maputo]]>
              </value>
            </param>
            <param index="3">
              <value>
                <![CDATA[Monish]]>
              </value>
            </param>
            <param index="4">
              <value>
                <![CDATA[N]]>
              </value>
            </param>
            <param index="5">
              <value>
                <![CDATA[Luthra]]>
              </value>
            </param>
            <param index="6">
              <value>
                <![CDATA[Anna]]>
              </value>
            </param>
            <param index="7">
              <value>
                <![CDATA[M]]>
              </value>
            </param>
            <param index="8">
              <value>
                <![CDATA[Luthra]]>
              </value>
            </param>
            <param index="9">
              <value>
                <![CDATA[ajit_nakum@odysseussolutions.com]]>
              </value>
            </param>
            <param index="10">
              <value>
                <![CDATA[ajit_nakum@odysseussolutions.com]]>
              </value>
            </param>
            <param index="11">
              <value>
                <![CDATA[7847596325]]>
              </value>
            </param>
            <param index="12">
              <value>
                <![CDATA[5412653289]]>
              </value>
            </param>
            <param index="13">
              <value>
                <![CDATA[Ajit Nakum]]>
              </value>
            </param>
            <param index="14">
              <value>
                <![CDATA[4111111111111111]]>
              </value>
            </param>
            <param index="15">
              <value>
                <![CDATA[123]]>
              </value>
            </param>
            <param index="16">
              <value>
                <![CDATA[305 White House]]>
              </value>
            </param>
            <param index="17">
              <value>
                <![CDATA[New York]]>
              </value>
            </param>
            <param index="18">
              <value>
                <![CDATA[10245]]>
              </value>
            </param>
            <param index="19">
              <value>
                <![CDATA[8952634785]]>
              </value>
            </param>
            <param index="20">
              <value>
                <![CDATA[City Bank]]>
              </value>
            </param>
          </params>
          <exception class="org.openqa.selenium.WebDriverException">
            <message>
              <![CDATA[unknown error: Element <span>...</span> is not clickable at point (1039, 523). Other element would receive the click: <div class="ui-widget-overlay ui-front"></div>
  (Session info: chrome=61.0.3163.100)
  (Driver info: chromedriver=2.29.461591 (62ebf098771772160f391d75e589dc567915b233),platform=Windows NT 6.1.7601 SP1 x86_64) (WARNING: The server did not provide any stacktrace information)
Command duration or timeout: 59 milliseconds
Build info: version: '2.53.0', revision: '35ae25b', time: '2016-03-15 16:57:40'
System info: host: 'OdySol-DTP-027', ip: '192.168.1.138', os.name: 'Windows 7', os.arch: 'amd64', os.version: '6.1', java.version: '1.8.0_101'
Driver info: org.openqa.selenium.chrome.ChromeDriver
Capabilities [{applicationCacheEnabled=false, rotatable=false, mobileEmulationEnabled=false, networkConnectionEnabled=false, chrome={chromedriverVersion=2.29.461591 (62ebf098771772160f391d75e589dc567915b233), userDataDir=C:\Users\AJITNA~1\AppData\Local\Temp\scoped_dir5156_30381}, takesHeapSnapshot=true, pageLoadStrategy=normal, databaseEnabled=false, handlesAlerts=true, hasTouchScreen=false, version=61.0.3163.100, platform=XP, browserConnectionEnabled=false, nativeEvents=true, acceptSslCerts=true, locationContextEnabled=true, webStorageEnabled=true, browserName=chrome, takesScreenshot=true, javascriptEnabled=true, cssSelectorsEnabled=true, unexpectedAlertBehaviour=}]
Session ID: c2dc08ef2894bdb3dda7b78ed4c4e04a]]>
            </message>
            <full-stacktrace>
              <![CDATA[org.openqa.selenium.WebDriverException: unknown error: Element <span>...</span> is not clickable at point (1039, 523). Other element would receive the click: <div class="ui-widget-overlay ui-front"></div>
  (Session info: chrome=61.0.3163.100)
  (Driver info: chromedriver=2.29.461591 (62ebf098771772160f391d75e589dc567915b233),platform=Windows NT 6.1.7601 SP1 x86_64) (WARNING: The server did not provide any stacktrace information)
Command duration or timeout: 59 milliseconds
Build info: version: '2.53.0', revision: '35ae25b', time: '2016-03-15 16:57:40'
System info: host: 'OdySol-DTP-027', ip: '192.168.1.138', os.name: 'Windows 7', os.arch: 'amd64', os.version: '6.1', java.version: '1.8.0_101'
Driver info: org.openqa.selenium.chrome.ChromeDriver
Capabilities [{applicationCacheEnabled=false, rotatable=false, mobileEmulationEnabled=false, networkConnectionEnabled=false, chrome={chromedriverVersion=2.29.461591 (62ebf098771772160f391d75e589dc567915b233), userDataDir=C:\Users\AJITNA~1\AppData\Local\Temp\scoped_dir5156_30381}, takesHeapSnapshot=true, pageLoadStrategy=normal, databaseEnabled=false, handlesAlerts=true, hasTouchScreen=false, version=61.0.3163.100, platform=XP, browserConnectionEnabled=false, nativeEvents=true, acceptSslCerts=true, locationContextEnabled=true, webStorageEnabled=true, browserName=chrome, takesScreenshot=true, javascriptEnabled=true, cssSelectorsEnabled=true, unexpectedAlertBehaviour=}]
Session ID: c2dc08ef2894bdb3dda7b78ed4c4e04a
	at sun.reflect.NativeConstructorAccessorImpl.newInstance0(Native Method)
	at sun.reflect.NativeConstructorAccessorImpl.newInstance(NativeConstructorAccessorImpl.java:62)
	at sun.reflect.DelegatingConstructorAccessorImpl.newInstance(DelegatingConstructorAccessorImpl.java:45)
	at java.lang.reflect.Constructor.newInstance(Constructor.java:423)
	at org.openqa.selenium.remote.ErrorHandler.createThrowable(ErrorHandler.java:206)
	at org.openqa.selenium.remote.ErrorHandler.throwIfResponseFailed(ErrorHandler.java:158)
	at org.openqa.selenium.remote.RemoteWebDriver.execute(RemoteWebDriver.java:678)
	at org.openqa.selenium.remote.RemoteWebElement.execute(RemoteWebElement.java:327)
	at org.openqa.selenium.remote.RemoteWebElement.click(RemoteWebElement.java:85)
	at Implementation.LocalOpenSegmentTest.DLC_data(LocalOpenSegmentTest.java:413)
	at sun.reflect.NativeMethodAccessorImpl.invoke0(Native Method)
	at sun.reflect.NativeMethodAccessorImpl.invoke(NativeMethodAccessorImpl.java:62)
	at sun.reflect.DelegatingMethodAccessorImpl.invoke(DelegatingMethodAccessorImpl.java:43)
	at java.lang.reflect.Method.invoke(Method.java:498)
	at org.testng.internal.MethodInvocationHelper.invokeMethod(MethodInvocationHelper.java:85)
	at org.testng.internal.Invoker.invokeMethod(Invoker.java:639)
	at org.testng.internal.Invoker.invokeTestMethod(Invoker.java:821)
	at org.testng.internal.Invoker.invokeTestMethods(Invoker.java:1131)
	at org.testng.internal.TestMethodWorker.invokeTestMethods(TestMethodWorker.java:125)
	at org.testng.internal.TestMethodWorker.run(TestMethodWorker.java:108)
	at org.testng.TestRunner.privateRun(TestRunner.java:773)
	at org.testng.TestRunner.run(TestRunner.java:623)
	at org.testng.SuiteRunner.runTest(SuiteRunner.java:357)
	at org.testng.SuiteRunner.runSequentially(SuiteRunner.java:352)
	at org.testng.SuiteRunner.privateRun(SuiteRunner.java:310)
	at org.testng.SuiteRunner.run(SuiteRunner.java:259)
	at org.testng.SuiteRunnerWorker.runSuite(SuiteRunnerWorker.java:52)
	at org.testng.SuiteRunnerWorker.run(SuiteRunnerWorker.java:86)
	at org.testng.TestNG.runSuitesSequentially(TestNG.java:1185)
	at org.testng.TestNG.runSuitesLocally(TestNG.java:1110)
	at org.testng.TestNG.run(TestNG.java:1018)
	at org.testng.remote.AbstractRemoteTestNG.run(AbstractRemoteTestNG.java:132)
	at org.testng.remote.RemoteTestNG.initAndRun(RemoteTestNG.java:230)
	at org.testng.remote.RemoteTestNG.main(RemoteTestNG.java:76)
]]>
            </full-stacktrace>
          </exception> <!-- org.openqa.selenium.WebDriverException -->
          <reporter-output>
            <line>
              <![CDATA[Website Name :- Parth Bhatt]]>
            </line>
            <line>
              <![CDATA[Affiliate :- Odysseus-CAMH]]>
            </line>
            <line>
              <![CDATA[Total Time for serch page to result page load(Milisec) - 3982]]>
            </line>
            <line>
              <![CDATA[Total Time for result page to details page load(Milisec) - 6200]]>
            </line>
            <line>
              <![CDATA[Total Time for details page to category page load(Milisec) - 7723]]>
            </line>
          </reporter-output>
        </test-method> <!-- DLC_data -->
        <test-method status="PASS" signature="closeBrowser()[pri:0, instance:Implementation.LocalOpenSegmentTest@74ad1f1f]" name="closeBrowser" is-config="true" duration-ms="1" started-at="2017-10-16T15:50:43Z" finished-at="2017-10-16T15:50:43Z">
          <reporter-output>
          </reporter-output>
        </test-method> <!-- closeBrowser -->
      </class> <!-- Implementation.LocalOpenSegmentTest -->
    </test> <!-- ChromeTest -->
  </suite> <!-- Suite -->
</testng-results>
