<?xml version="1.0" encoding="UTF-8"?>
<testng-results skipped="0" failed="0" total="1" passed="1">
  <reporter-output>
    <line>
      <![CDATA[Website Name :- Faredepot]]>
    </line>
    <line>
      <![CDATA[Price per person on result page: $922.03]]>
    </line>
    <line>
      <![CDATA[Total Price on result page: $2,766.09]]>
    </line>
    <line>
      <![CDATA[Departure Trip: DEPARTURE
NEW YORK (JOHN F KENNEDY), NY, US
SINGAPORE, SG
SAT, 03 JUN - SUN, 04 JUN DURATION: 21H 5MIN STOPS: 1
- View Details]]>
    </line>
    <line>
      <![CDATA[Return Trip: RETURN
SINGAPORE, SG
NEW YORK (JOHN F KENNEDY), NY, US
TUE, 25 JUL - WED, 26 JUL DURATION: 23H 40MIN STOPS: 1]]>
    </line>
    <line>
      <![CDATA[Price on checkout page: $2,766.09]]>
    </line>
    <line>
      <![CDATA[API :- AmadeusWS]]>
    </line>
    <line>
      <![CDATA[Environment :- Production]]>
    </line>
    <line>
      <![CDATA[Office Id :- DTT1S2100]]>
    </line>
    <line>
      <![CDATA[Insurance Price:- + $193.63]]>
    </line>
    <line>
      <![CDATA[Insurance applied successfully..]]>
    </line>
    <line>
      <![CDATA[Prices of After applied insurance on the Payment page:- $2,959.72]]>
    </line>
    <line>
      <![CDATA[Insurance Removed successfully..]]>
    </line>
    <line>
      <![CDATA[Prices of After removed insurance on the Payment page:- $2,766.09]]>
    </line>
    <line>
      <![CDATA[Result page and Checkout page's Price matched..]]>
    </line>
    <line>
      <![CDATA[Actual price is:- $2,766.09]]>
    </line>
    <line>
      <![CDATA[Price on payment page: $2,766.09]]>
    </line>
    <line>
      <![CDATA[Checkout page and Payment page's Price matched..]]>
    </line>
    <line>
      <![CDATA[Actual price is:- $2,766.09]]>
    </line>
  </reporter-output>
  <suite name="Suite" duration-ms="308400" started-at="2017-05-16T07:59:56Z" finished-at="2017-05-16T08:05:05Z">
    <groups>
    </groups>
    <test name="ChromeTest" duration-ms="308400" started-at="2017-05-16T07:59:56Z" finished-at="2017-05-16T08:05:05Z">
      <class name="Implementation.FaredepotTest">
        <test-method status="PASS" signature="openBroswer(java.lang.String)[pri:0, instance:Implementation.FaredepotTest@5f3a4b84]" name="openBroswer" is-config="true" duration-ms="41804" started-at="2017-05-16T13:29:56Z" finished-at="2017-05-16T13:30:38Z">
          <params>
            <param index="0">
              <value>
                <![CDATA[chrome]]>
              </value>
            </param>
          </params>
          <reporter-output>
          </reporter-output>
        </test-method> <!-- openBroswer -->
        <test-method status="PASS" signature="Faredepot_data(java.lang.String, java.lang.String, java.lang.String, java.lang.String, java.lang.String, java.lang.String, java.lang.String, java.lang.String, java.lang.String, java.lang.String, java.lang.String, java.lang.String, java.lang.String, java.lang.String, java.lang.String)[pri:0, instance:Implementation.FaredepotTest@5f3a4b84]" name="Faredepot_data" duration-ms="266062" started-at="2017-05-16T13:30:39Z" data-provider="Authentication" finished-at="2017-05-16T13:35:05Z">
          <params>
            <param index="0">
              <value>
                <![CDATA[nyc]]>
              </value>
            </param>
            <param index="1">
              <value>
                <![CDATA[singa]]>
              </value>
            </param>
            <param index="2">
              <value>
                <![CDATA[Monish]]>
              </value>
            </param>
            <param index="3">
              <value>
                <![CDATA[N]]>
              </value>
            </param>
            <param index="4">
              <value>
                <![CDATA[Luthra]]>
              </value>
            </param>
            <param index="5">
              <value>
                <![CDATA[Anna]]>
              </value>
            </param>
            <param index="6">
              <value>
                <![CDATA[M]]>
              </value>
            </param>
            <param index="7">
              <value>
                <![CDATA[Luthra]]>
              </value>
            </param>
            <param index="8">
              <value>
                <![CDATA[Arya]]>
              </value>
            </param>
            <param index="9">
              <value>
                <![CDATA[M]]>
              </value>
            </param>
            <param index="10">
              <value>
                <![CDATA[Luthra]]>
              </value>
            </param>
            <param index="11">
              <value>
                <![CDATA[ajit_nakum@odysseussolutions.com]]>
              </value>
            </param>
            <param index="12">
              <value>
                <![CDATA[ajit_nakum@odysseussolutions.com]]>
              </value>
            </param>
            <param index="13">
              <value>
                <![CDATA[8952634785]]>
              </value>
            </param>
            <param index="14">
              <value>
                <![CDATA[8754879865]]>
              </value>
            </param>
          </params>
          <reporter-output>
            <line>
              <![CDATA[Website Name :- Faredepot]]>
            </line>
            <line>
              <![CDATA[Price per person on result page: $922.03]]>
            </line>
            <line>
              <![CDATA[Total Price on result page: $2,766.09]]>
            </line>
            <line>
              <![CDATA[Departure Trip: DEPARTURE
NEW YORK (JOHN F KENNEDY), NY, US
SINGAPORE, SG
SAT, 03 JUN - SUN, 04 JUN DURATION: 21H 5MIN STOPS: 1
- View Details]]>
            </line>
            <line>
              <![CDATA[Return Trip: RETURN
SINGAPORE, SG
NEW YORK (JOHN F KENNEDY), NY, US
TUE, 25 JUL - WED, 26 JUL DURATION: 23H 40MIN STOPS: 1]]>
            </line>
            <line>
              <![CDATA[Price on checkout page: $2,766.09]]>
            </line>
            <line>
              <![CDATA[API :- AmadeusWS]]>
            </line>
            <line>
              <![CDATA[Environment :- Production]]>
            </line>
            <line>
              <![CDATA[Office Id :- DTT1S2100]]>
            </line>
            <line>
              <![CDATA[Insurance Price:- + $193.63]]>
            </line>
            <line>
              <![CDATA[Insurance applied successfully..]]>
            </line>
            <line>
              <![CDATA[Prices of After applied insurance on the Payment page:- $2,959.72]]>
            </line>
            <line>
              <![CDATA[Insurance Removed successfully..]]>
            </line>
            <line>
              <![CDATA[Prices of After removed insurance on the Payment page:- $2,766.09]]>
            </line>
            <line>
              <![CDATA[Result page and Checkout page's Price matched..]]>
            </line>
            <line>
              <![CDATA[Actual price is:- $2,766.09]]>
            </line>
            <line>
              <![CDATA[Price on payment page: $2,766.09]]>
            </line>
            <line>
              <![CDATA[Checkout page and Payment page's Price matched..]]>
            </line>
            <line>
              <![CDATA[Actual price is:- $2,766.09]]>
            </line>
          </reporter-output>
        </test-method> <!-- Faredepot_data -->
        <test-method status="PASS" signature="closeBrowser()[pri:0, instance:Implementation.FaredepotTest@5f3a4b84]" name="closeBrowser" is-config="true" duration-ms="0" started-at="2017-05-16T13:35:05Z" finished-at="2017-05-16T13:35:05Z">
          <reporter-output>
          </reporter-output>
        </test-method> <!-- closeBrowser -->
      </class> <!-- Implementation.FaredepotTest -->
    </test> <!-- ChromeTest -->
  </suite> <!-- Suite -->
</testng-results>
